This file contains any messages produced by compilers while
running configure, to aid debugging if configure makes a mistake.

It was created by faust-dynamic-engine configure 1.0, which was
generated by GNU Autoconf 2.71.  Invocation command line was

  $ ./configure

## --------- ##
## Platform. ##
## --------- ##

hostname = Domenicos-MBP.homenet.telecomitalia.it
uname -m = arm64
uname -r = 21.3.0
uname -s = Darwin
uname -v = Darwin Kernel Version 21.3.0: Wed Jan  5 21:37:58 PST 2022; root:xnu-8019.80.24~20/RELEASE_ARM64_T8101

/usr/bin/uname -p = arm
/bin/uname -X     = unknown

/bin/arch              = unknown
/usr/bin/arch -k       = unknown
/usr/convex/getsysinfo = unknown
/usr/bin/hostinfo      = Mach kernel version:
	 Darwin Kernel Version 21.3.0: Wed Jan  5 21:37:58 PST 2022; root:xnu-8019.80.24~20/RELEASE_ARM64_T8101
Kernel configured for up to 8 processors.
8 processors are physically available.
8 processors are logically available.
Processor type: arm64e (ARM64E)
Processors active: 0 1 2 3 4 5 6 7
Primary memory available: 8.00 gigabytes
Default processor set: 482 tasks, 2242 threads, 8 processors
Load average: 2.04, Mach factor: 5.95
/bin/machine           = unknown
/usr/bin/oslevel       = unknown
/bin/universe          = unknown

PATH: /Users/domenicocipriani/.gem/ruby/3.1.3/bin/
PATH: /Users/domenicocipriani/.rubies/ruby-3.1.3/lib/ruby/gems/3.1.0/bin/
PATH: /Users/domenicocipriani/.rubies/ruby-3.1.3/bin/
PATH: /Users/domenicocipriani/.cabal/bin/
PATH: /Users/domenicocipriani/.ghcup/bin/
PATH: /opt/homebrew/bin/
PATH: /opt/homebrew/sbin/
PATH: /opt/local/bin/
PATH: /opt/local/sbin/
PATH: /usr/local/bin/
PATH: /usr/bin/
PATH: /bin/
PATH: /usr/sbin/
PATH: /sbin/
PATH: /Library/TeX/texbin/
PATH: /Library/Apple/usr/bin/


## ----------- ##
## Core tests. ##
## ----------- ##

configure:2709: looking for aux files: compile config.guess config.sub ltmain.sh missing install-sh
configure:2722:  trying ./
configure:2751:   ./compile found
configure:2751:   ./config.guess found
configure:2751:   ./config.sub found
configure:2751:   ./ltmain.sh found
configure:2751:   ./missing found
configure:2733:   ./install-sh found
configure:2880: checking for a BSD-compatible install
configure:2953: result: /usr/bin/install -c
configure:2964: checking whether build environment is sane
configure:3019: result: yes
configure:3178: checking for a race-free mkdir -p
configure:3222: result: ./install-sh -c -d
configure:3229: checking for gawk
configure:3264: result: no
configure:3229: checking for mawk
configure:3264: result: no
configure:3229: checking for nawk
configure:3264: result: no
configure:3229: checking for awk
configure:3250: found /usr/bin/awk
configure:3261: result: awk
configure:3272: checking whether make sets $(MAKE)
configure:3295: result: yes
configure:3325: checking whether make supports nested variables
configure:3343: result: yes
configure:3549: checking for g++
configure:3570: found /usr/bin/g++
configure:3581: result: g++
configure:3608: checking for C++ compiler version
configure:3617: g++ --version >&5
Apple clang version 13.1.6 (clang-1316.0.21.2.5)
Target: arm64-apple-darwin21.3.0
Thread model: posix
InstalledDir: /Applications/Xcode.app/Contents/Developer/Toolchains/XcodeDefault.xctoolchain/usr/bin
configure:3628: $? = 0
configure:3617: g++ -v >&5
Apple clang version 13.1.6 (clang-1316.0.21.2.5)
Target: arm64-apple-darwin21.3.0
Thread model: posix
InstalledDir: /Applications/Xcode.app/Contents/Developer/Toolchains/XcodeDefault.xctoolchain/usr/bin
configure:3628: $? = 0
configure:3617: g++ -V >&5
clang: error: argument to '-V' is missing (expected 1 value)
clang: error: no input files
configure:3628: $? = 1
configure:3617: g++ -qversion >&5
clang: error: unknown argument '-qversion'; did you mean '--version'?
clang: error: no input files
configure:3628: $? = 1
configure:3648: checking whether the C++ compiler works
configure:3670: g++    conftest.cpp  >&5
configure:3674: $? = 0
configure:3724: result: yes
configure:3727: checking for C++ compiler default output file name
configure:3729: result: a.out
configure:3735: checking for suffix of executables
configure:3742: g++ -o conftest    conftest.cpp  >&5
configure:3746: $? = 0
configure:3769: result: 
configure:3791: checking whether we are cross compiling
configure:3799: g++ -o conftest    conftest.cpp  >&5
configure:3803: $? = 0
configure:3810: ./conftest
configure:3814: $? = 0
configure:3829: result: no
configure:3834: checking for suffix of object files
configure:3857: g++ -c   conftest.cpp >&5
configure:3861: $? = 0
configure:3883: result: o
configure:3887: checking whether the compiler supports GNU C++
configure:3907: g++ -c   conftest.cpp >&5
configure:3907: $? = 0
configure:3917: result: yes
configure:3928: checking whether g++ accepts -g
configure:3949: g++ -c -g  conftest.cpp >&5
configure:3949: $? = 0
configure:3993: result: yes
configure:4013: checking for g++ option to enable C++11 features
configure:4028: g++  -c -g -O2  conftest.cpp >&5
conftest.cpp:57:3: error: "Compiler does not advertise C++11 conformance"
# error "Compiler does not advertise C++11 conformance"
  ^
conftest.cpp:62:3: error: unknown type name 'constexpr'
  constexpr int get_val() { return 20; }
  ^
conftest.cpp:74:17: error: delegating constructors are permitted only in C++11
    delegate(): delegate(2354) {}
                ^~~~~~~~
conftest.cpp:85:26: warning: 'override' keyword is a C++11 extension [-Wc++11-extensions]
    virtual int getval() override final { return this->n * 2; }
                         ^
conftest.cpp:85:35: warning: 'final' keyword is a C++11 extension [-Wc++11-extensions]
    virtual int getval() override final { return this->n * 2; }
                                  ^
conftest.cpp:92:16: warning: defaulted function definitions are a C++11 extension [-Wc++11-extensions]
    nocopy() = default;
               ^
conftest.cpp:93:29: warning: deleted function definitions are a C++11 extension [-Wc++11-extensions]
    nocopy(const nocopy&) = delete;
                            ^
conftest.cpp:94:41: warning: deleted function definitions are a C++11 extension [-Wc++11-extensions]
    nocopy & operator=(const nocopy&) = delete;
                                        ^
conftest.cpp:106:25: warning: 'auto' type specifier is a C++11 extension [-Wc++11-extensions]
  template <typename V> auto sum(V first) -> V
                        ^
conftest.cpp:106:25: error: 'auto' not allowed in function return type
  template <typename V> auto sum(V first) -> V
                        ^~~~
conftest.cpp:106:42: error: expected ';' at end of declaration
  template <typename V> auto sum(V first) -> V
                                         ^
                                         ;
conftest.cpp:106:43: error: cannot use arrow operator on a type
  template <typename V> auto sum(V first) -> V
                                          ^
conftest.cpp:110:33: warning: variadic templates are a C++11 extension [-Wc++11-extensions]
  template <typename V, typename... Args> auto sum(V first, Args... rest) -> V
                                ^
conftest.cpp:110:43: warning: 'auto' type specifier is a C++11 extension [-Wc++11-extensions]
  template <typename V, typename... Args> auto sum(V first, Args... rest) -> V
                                          ^
conftest.cpp:110:43: error: 'auto' not allowed in function return type
  template <typename V, typename... Args> auto sum(V first, Args... rest) -> V
                                          ^~~~
conftest.cpp:110:74: error: expected ';' at end of declaration
  template <typename V, typename... Args> auto sum(V first, Args... rest) -> V
                                                                         ^
                                                                         ;
conftest.cpp:110:75: error: cannot use arrow operator on a type
  template <typename V, typename... Args> auto sum(V first, Args... rest) -> V
                                                                          ^
conftest.cpp:134:3: warning: 'auto' type specifier is a C++11 extension [-Wc++11-extensions]
  auto a1 = 6538;
  ^
conftest.cpp:135:3: warning: 'auto' type specifier is a C++11 extension [-Wc++11-extensions]
  auto a2 = 48573953.4;
  ^
conftest.cpp:136:3: warning: 'auto' type specifier is a C++11 extension [-Wc++11-extensions]
  auto a3 = "String literal";
  ^
conftest.cpp:139:8: warning: 'auto' type specifier is a C++11 extension [-Wc++11-extensions]
  for (auto i = a3; *i; ++i) { total += *i; }
       ^
conftest.cpp:155:8: warning: 'auto' type specifier is a C++11 extension [-Wc++11-extensions]
  for (auto &x : array) { x += 23; }
       ^
conftest.cpp:155:16: warning: range-based for loop is a C++11 extension [-Wc++11-extensions]
  for (auto &x : array) { x += 23; }
               ^
conftest.cpp:160:17: error: expected expression
  assert (eval ([](int x) { return x*2; }, 21) == 42);
                ^
conftest.cpp:162:17: error: expected expression
  assert (eval ([&](double x) { return d += x; }, 3.0) == 5.0);
                ^
conftest.cpp:164:17: error: expected expression
  assert (eval ([=](double x) mutable { return d += x; }, 4.0) == 9.0);
                ^
conftest.cpp:170:3: warning: 'auto' type specifier is a C++11 extension [-Wc++11-extensions]
  auto a = sum(1);
  ^
conftest.cpp:170:12: error: no matching function for call to 'sum'
  auto a = sum(1);
           ^~~
conftest.cpp:171:3: warning: 'auto' type specifier is a C++11 extension [-Wc++11-extensions]
  auto b = sum(1, 2);
  ^
conftest.cpp:171:12: error: no matching function for call to 'sum'
  auto b = sum(1, 2);
           ^~~
conftest.cpp:172:3: warning: 'auto' type specifier is a C++11 extension [-Wc++11-extensions]
  auto c = sum(1.0, 2.0, 3.0);
  ^
conftest.cpp:172:12: error: no matching function for call to 'sum'
  auto c = sum(1.0, 2.0, 3.0);
           ^~~
conftest.cpp:177:25: warning: empty parentheses interpreted as a function declaration [-Wvexing-parse]
  cxx11test::delegate d2();
                        ^~
conftest.cpp:177:25: note: remove parentheses to declare a variable
  cxx11test::delegate d2();
                        ^~
conftest.cpp:190:16: error: found '<::' after a template name which forms the digraph '<:' (aka '[') and a ':', did you mean '< ::'?
  test_template<::test_template<int>> v(test_template<int>(12));
               ^~~
               < ::
conftest.cpp:190:36: error: a space is required between consecutive right angle brackets (use '> >')
  test_template<::test_template<int>> v(test_template<int>(12));
                                   ^~
                                   > >
conftest.cpp:194:22: error: use of undeclared identifier 'u8'
  char const *utf8 = u8"UTF-8 string \u2500";
                     ^
conftest.cpp:194:24: error: expected ';' at end of declaration
  char const *utf8 = u8"UTF-8 string \u2500";
                       ^
                       ;
fatal error: too many errors emitted, stopping now [-ferror-limit=]
18 warnings and 20 errors generated.
configure:4028: $? = 1
configure: failed program was:
| /* confdefs.h */
| #define PACKAGE_NAME "faust-dynamic-engine"
| #define PACKAGE_TARNAME "faust-dynamic-engine"
| #define PACKAGE_VERSION "1.0"
| #define PACKAGE_STRING "faust-dynamic-engine 1.0"
| #define PACKAGE_BUGREPORT "support@example.com"
| #define PACKAGE_URL ""
| #define PACKAGE "faust-dynamic-engine"
| #define VERSION "1.0"
| /* end confdefs.h.  */
| 
| // Does the compiler advertise C++98 conformance?
| #if !defined __cplusplus || __cplusplus < 199711L
| # error "Compiler does not advertise C++98 conformance"
| #endif
| 
| // These inclusions are to reject old compilers that
| // lack the unsuffixed header files.
| #include <cstdlib>
| #include <exception>
| 
| // <cassert> and <cstring> are *not* freestanding headers in C++98.
| extern void assert (int);
| namespace std {
|   extern int strcmp (const char *, const char *);
| }
| 
| // Namespaces, exceptions, and templates were all added after "C++ 2.0".
| using std::exception;
| using std::strcmp;
| 
| namespace {
| 
| void test_exception_syntax()
| {
|   try {
|     throw "test";
|   } catch (const char *s) {
|     // Extra parentheses suppress a warning when building autoconf itself,
|     // due to lint rules shared with more typical C programs.
|     assert (!(strcmp) (s, "test"));
|   }
| }
| 
| template <typename T> struct test_template
| {
|   T const val;
|   explicit test_template(T t) : val(t) {}
|   template <typename U> T add(U u) { return static_cast<T>(u) + val; }
| };
| 
| } // anonymous namespace
| 
| 
| // Does the compiler advertise C++ 2011 conformance?
| #if !defined __cplusplus || __cplusplus < 201103L
| # error "Compiler does not advertise C++11 conformance"
| #endif
| 
| namespace cxx11test
| {
|   constexpr int get_val() { return 20; }
| 
|   struct testinit
|   {
|     int i;
|     double d;
|   };
| 
|   class delegate
|   {
|   public:
|     delegate(int n) : n(n) {}
|     delegate(): delegate(2354) {}
| 
|     virtual int getval() { return this->n; };
|   protected:
|     int n;
|   };
| 
|   class overridden : public delegate
|   {
|   public:
|     overridden(int n): delegate(n) {}
|     virtual int getval() override final { return this->n * 2; }
|   };
| 
|   class nocopy
|   {
|   public:
|     nocopy(int i): i(i) {}
|     nocopy() = default;
|     nocopy(const nocopy&) = delete;
|     nocopy & operator=(const nocopy&) = delete;
|   private:
|     int i;
|   };
| 
|   // for testing lambda expressions
|   template <typename Ret, typename Fn> Ret eval(Fn f, Ret v)
|   {
|     return f(v);
|   }
| 
|   // for testing variadic templates and trailing return types
|   template <typename V> auto sum(V first) -> V
|   {
|     return first;
|   }
|   template <typename V, typename... Args> auto sum(V first, Args... rest) -> V
|   {
|     return first + sum(rest...);
|   }
| }
| 
| 
| int
| main (int argc, char **argv)
| {
|   int ok = 0;
|   
|   assert (argc);
|   assert (! argv[0]);
| {
|   test_exception_syntax ();
|   test_template<double> tt (2.0);
|   assert (tt.add (4) == 6.0);
|   assert (true && !false);
| }
| 
|   
| {
|   // Test auto and decltype
|   auto a1 = 6538;
|   auto a2 = 48573953.4;
|   auto a3 = "String literal";
| 
|   int total = 0;
|   for (auto i = a3; *i; ++i) { total += *i; }
| 
|   decltype(a2) a4 = 34895.034;
| }
| {
|   // Test constexpr
|   short sa[cxx11test::get_val()] = { 0 };
| }
| {
|   // Test initializer lists
|   cxx11test::testinit il = { 4323, 435234.23544 };
| }
| {
|   // Test range-based for
|   int array[] = {9, 7, 13, 15, 4, 18, 12, 10, 5, 3,
|                  14, 19, 17, 8, 6, 20, 16, 2, 11, 1};
|   for (auto &x : array) { x += 23; }
| }
| {
|   // Test lambda expressions
|   using cxx11test::eval;
|   assert (eval ([](int x) { return x*2; }, 21) == 42);
|   double d = 2.0;
|   assert (eval ([&](double x) { return d += x; }, 3.0) == 5.0);
|   assert (d == 5.0);
|   assert (eval ([=](double x) mutable { return d += x; }, 4.0) == 9.0);
|   assert (d == 5.0);
| }
| {
|   // Test use of variadic templates
|   using cxx11test::sum;
|   auto a = sum(1);
|   auto b = sum(1, 2);
|   auto c = sum(1.0, 2.0, 3.0);
| }
| {
|   // Test constructor delegation
|   cxx11test::delegate d1;
|   cxx11test::delegate d2();
|   cxx11test::delegate d3(45);
| }
| {
|   // Test override and final
|   cxx11test::overridden o1(55464);
| }
| {
|   // Test nullptr
|   char *c = nullptr;
| }
| {
|   // Test template brackets
|   test_template<::test_template<int>> v(test_template<int>(12));
| }
| {
|   // Unicode literals
|   char const *utf8 = u8"UTF-8 string \u2500";
|   char16_t const *utf16 = u"UTF-8 string \u2500";
|   char32_t const *utf32 = U"UTF-32 string \u2500";
| }
| 
|   return ok;
| }
| 
configure:4046: result: none needed
configure:4113: checking whether make supports the include directive
configure:4128: make -f confmf.GNU && cat confinc.out
this is the am__doit target
configure:4131: $? = 0
configure:4150: result: yes (GNU style)
configure:4176: checking dependency style of g++
configure:4288: result: gcc3
configure:4335: checking build system type
configure:4350: result: aarch64-apple-darwin21.3.0
configure:4370: checking host system type
configure:4384: result: aarch64-apple-darwin21.3.0
configure:4425: checking how to print strings
configure:4452: result: printf
configure:4535: checking for gcc
configure:4556: found /usr/bin/gcc
configure:4567: result: gcc
configure:4920: checking for C compiler version
configure:4929: gcc --version >&5
Apple clang version 13.1.6 (clang-1316.0.21.2.5)
Target: arm64-apple-darwin21.3.0
Thread model: posix
InstalledDir: /Applications/Xcode.app/Contents/Developer/Toolchains/XcodeDefault.xctoolchain/usr/bin
configure:4940: $? = 0
configure:4929: gcc -v >&5
Apple clang version 13.1.6 (clang-1316.0.21.2.5)
Target: arm64-apple-darwin21.3.0
Thread model: posix
InstalledDir: /Applications/Xcode.app/Contents/Developer/Toolchains/XcodeDefault.xctoolchain/usr/bin
configure:4940: $? = 0
configure:4929: gcc -V >&5
clang: error: argument to '-V' is missing (expected 1 value)
clang: error: no input files
configure:4940: $? = 1
configure:4929: gcc -qversion >&5
clang: error: unknown argument '-qversion'; did you mean '--version'?
clang: error: no input files
configure:4940: $? = 1
configure:4929: gcc -version >&5
clang: error: unknown argument '-version'; did you mean '--version'?
clang: error: no input files
configure:4940: $? = 1
configure:4944: checking whether the compiler supports GNU C
configure:4964: gcc -c   conftest.c >&5
configure:4964: $? = 0
configure:4974: result: yes
configure:4985: checking whether gcc accepts -g
configure:5006: gcc -c -g  conftest.c >&5
configure:5006: $? = 0
configure:5050: result: yes
configure:5070: checking for gcc option to enable C11 features
configure:5085: gcc  -c -g -O2  conftest.c >&5
configure:5085: $? = 0
configure:5103: result: none needed
configure:5219: checking whether gcc understands -c and -o together
configure:5242: gcc -c conftest.c -o conftest2.o
configure:5245: $? = 0
configure:5242: gcc -c conftest.c -o conftest2.o
configure:5245: $? = 0
configure:5257: result: yes
configure:5276: checking dependency style of gcc
configure:5388: result: gcc3
configure:5403: checking for a sed that does not truncate output
configure:5473: result: /usr/bin/sed
configure:5491: checking for grep that handles long lines and -e
configure:5555: result: /usr/bin/grep
configure:5560: checking for egrep
configure:5628: result: /usr/bin/grep -E
configure:5633: checking for fgrep
configure:5701: result: /usr/bin/grep -F
configure:5737: checking for ld used by gcc
configure:5805: result: /Applications/Xcode.app/Contents/Developer/Toolchains/XcodeDefault.xctoolchain/usr/bin/ld
configure:5812: checking if the linker (/Applications/Xcode.app/Contents/Developer/Toolchains/XcodeDefault.xctoolchain/usr/bin/ld) is GNU ld
configure:5828: result: no
configure:5840: checking for BSD- or MS-compatible name lister (nm)
configure:5895: result: /usr/bin/nm -B
configure:6035: checking the name lister (/usr/bin/nm -B) interface
configure:6043: gcc -c -g -O2  conftest.c >&5
configure:6046: /usr/bin/nm -B "conftest.o"
configure:6049: output
0000000000000274 S _some_variable
0000000000000000 t ltmp0
0000000000000274 s ltmp1
configure:6056: result: BSD nm
configure:6059: checking whether ln -s works
configure:6063: result: yes
configure:6071: checking the maximum length of command line arguments
configure:6203: result: 786432
configure:6251: checking how to convert aarch64-apple-darwin21.3.0 file names to aarch64-apple-darwin21.3.0 format
configure:6292: result: func_convert_file_noop
configure:6299: checking how to convert aarch64-apple-darwin21.3.0 file names to toolchain format
configure:6320: result: func_convert_file_noop
configure:6327: checking for /Applications/Xcode.app/Contents/Developer/Toolchains/XcodeDefault.xctoolchain/usr/bin/ld option to reload object files
configure:6335: result: -r
configure:6414: checking for file
configure:6435: found /usr/bin/file
configure:6446: result: file
configure:6522: checking for objdump
configure:6543: found /usr/bin/objdump
configure:6554: result: objdump
configure:6586: checking how to recognize dependent libraries
configure:6787: result: pass_all
configure:6877: checking for dlltool
configure:6912: result: no
configure:6942: checking how to associate runtime and link libraries
configure:6970: result: printf %s\n
configure:7036: checking for ar
configure:7057: found /usr/bin/ar
configure:7068: result: ar
configure:7121: checking for archiver @FILE support
configure:7139: gcc -c -g -O2  conftest.c >&5
configure:7139: $? = 0
configure:7143: ar cr libconftest.a @conftest.lst >&5
ar: @conftest.lst: No such file or directory
configure:7146: $? = 1
configure:7166: result: no
configure:7229: checking for strip
configure:7250: found /usr/bin/strip
configure:7261: result: strip
configure:7338: checking for ranlib
configure:7359: found /usr/bin/ranlib
configure:7370: result: ranlib
configure:7472: checking command to parse /usr/bin/nm -B output from gcc object
configure:7626: gcc -c -g -O2  conftest.c >&5
configure:7629: $? = 0
configure:7633: /usr/bin/nm -B conftest.o \| /usr/bin/sed -n -e 's/^.*[ ]\([ABCDGIRSTW][ABCDGIRSTW]*\)[ ][ ]*\([_A-Za-z][_A-Za-z0-9]*\)$/\1 \2 \2/p' | /usr/bin/sed '/ __gnu_lto/d' \> conftest.nm
configure:7636: $? = 0
cannot find nm_test_var in conftest.nm
configure:7626: gcc -c -g -O2  conftest.c >&5
configure:7629: $? = 0
configure:7633: /usr/bin/nm -B conftest.o \| /usr/bin/sed -n -e 's/^.*[ ]\([ABCDGIRSTW][ABCDGIRSTW]*\)[ ][ ]*_\([_A-Za-z][_A-Za-z0-9]*\)$/\1 _\2 \2/p' | /usr/bin/sed '/ __gnu_lto/d' \> conftest.nm
configure:7636: $? = 0
configure:7702: gcc -o conftest -g -O2   conftest.c conftstm.o >&5
warning: (arm64)  could not find object file symbol for symbol _main
configure:7705: $? = 0
configure:7743: result: ok
configure:7790: checking for sysroot
configure:7821: result: no
configure:7828: checking for a working dd
configure:7872: result: /bin/dd
configure:7876: checking how to truncate binary pipes
configure:7892: result: /bin/dd bs=4096 count=1
configure:8229: checking for mt
configure:8264: result: no
configure:8284: checking if : is a manifest tool
configure:8291: : '-?'
configure:8299: result: no
configure:8360: checking for dsymutil
configure:8381: found /usr/bin/dsymutil
configure:8392: result: dsymutil
configure:8462: checking for nmedit
configure:8483: found /usr/bin/nmedit
configure:8494: result: nmedit
configure:8564: checking for lipo
configure:8585: found /usr/bin/lipo
configure:8596: result: lipo
configure:8666: checking for otool
configure:8687: found /usr/bin/otool
configure:8698: result: otool
configure:8768: checking for otool64
configure:8803: result: no
configure:8848: checking for -single_module linker flag
gcc -g -O2  -o libconftest.dylib -dynamiclib -Wl,-single_module conftest.c
configure:8882: result: yes
configure:8885: checking for -exported_symbols_list linker flag
configure:8906: gcc -o conftest -g -O2   -Wl,-exported_symbols_list,conftest.sym conftest.c  >&5
configure:8906: $? = 0
configure:8917: result: yes
configure:8920: checking for -force_load linker flag
gcc -g -O2 -c -o conftest.o conftest.c
ar cr libconftest.a conftest.o
ranlib libconftest.a
gcc -g -O2  -o conftest conftest.c -Wl,-force_load,./libconftest.a
configure:8953: result: yes
configure:9024: checking for stdio.h
configure:9024: gcc -c -g -O2  conftest.c >&5
configure:9024: $? = 0
configure:9024: result: yes
configure:9024: checking for stdlib.h
configure:9024: gcc -c -g -O2  conftest.c >&5
configure:9024: $? = 0
configure:9024: result: yes
configure:9024: checking for string.h
configure:9024: gcc -c -g -O2  conftest.c >&5
configure:9024: $? = 0
configure:9024: result: yes
configure:9024: checking for inttypes.h
configure:9024: gcc -c -g -O2  conftest.c >&5
configure:9024: $? = 0
configure:9024: result: yes
configure:9024: checking for stdint.h
configure:9024: gcc -c -g -O2  conftest.c >&5
configure:9024: $? = 0
configure:9024: result: yes
configure:9024: checking for strings.h
configure:9024: gcc -c -g -O2  conftest.c >&5
configure:9024: $? = 0
configure:9024: result: yes
configure:9024: checking for sys/stat.h
configure:9024: gcc -c -g -O2  conftest.c >&5
configure:9024: $? = 0
configure:9024: result: yes
configure:9024: checking for sys/types.h
configure:9024: gcc -c -g -O2  conftest.c >&5
configure:9024: $? = 0
configure:9024: result: yes
configure:9024: checking for unistd.h
configure:9024: gcc -c -g -O2  conftest.c >&5
configure:9024: $? = 0
configure:9024: result: yes
configure:9049: checking for dlfcn.h
configure:9049: gcc -c -g -O2  conftest.c >&5
configure:9049: $? = 0
configure:9049: result: yes
configure:9319: checking for objdir
configure:9335: result: .libs
configure:9599: checking if gcc supports -fno-rtti -fno-exceptions
configure:9618: gcc -c -g -O2  -fno-rtti -fno-exceptions conftest.c >&5
configure:9622: $? = 0
configure:9635: result: yes
configure:9993: checking for gcc option to produce PIC
configure:10001: result: -fno-common -DPIC
configure:10009: checking if gcc PIC flag -fno-common -DPIC works
configure:10028: gcc -c -g -O2  -fno-common -DPIC -DPIC conftest.c >&5
configure:10032: $? = 0
configure:10045: result: yes
configure:10074: checking if gcc static flag -static works
configure:10103: result: no
configure:10118: checking if gcc supports -c -o file.o
configure:10140: gcc -c -g -O2  -o out/conftest2.o conftest.c >&5
configure:10144: $? = 0
configure:10166: result: yes
configure:10174: checking if gcc supports -c -o file.o
configure:10222: result: yes
configure:10255: checking whether the gcc linker (/Applications/Xcode.app/Contents/Developer/Toolchains/XcodeDefault.xctoolchain/usr/bin/ld) supports shared libraries
configure:11523: result: yes
configure:11764: checking dynamic linker characteristics
configure:12585: result: darwin21.3.0 dyld
configure:12707: checking how to hardcode library paths into programs
configure:12732: result: immediate
configure:13284: checking whether stripping libraries is possible
configure:13301: result: yes
configure:13335: checking if libtool supports shared libraries
configure:13337: result: yes
configure:13340: checking whether to build shared libraries
configure:13365: result: yes
configure:13368: checking whether to build static libraries
configure:13372: result: yes
configure:13395: checking how to run the C++ preprocessor
configure:13417: g++ -E  conftest.cpp
configure:13417: $? = 0
configure:13432: g++ -E  conftest.cpp
conftest.cpp:23:10: fatal error: 'ac_nonexistent.h' file not found
#include <ac_nonexistent.h>
         ^~~~~~~~~~~~~~~~~~
1 error generated.
configure:13432: $? = 1
configure: failed program was:
| /* confdefs.h */
| #define PACKAGE_NAME "faust-dynamic-engine"
| #define PACKAGE_TARNAME "faust-dynamic-engine"
| #define PACKAGE_VERSION "1.0"
| #define PACKAGE_STRING "faust-dynamic-engine 1.0"
| #define PACKAGE_BUGREPORT "support@example.com"
| #define PACKAGE_URL ""
| #define PACKAGE "faust-dynamic-engine"
| #define VERSION "1.0"
| #define HAVE_STDIO_H 1
| #define HAVE_STDLIB_H 1
| #define HAVE_STRING_H 1
| #define HAVE_INTTYPES_H 1
| #define HAVE_STDINT_H 1
| #define HAVE_STRINGS_H 1
| #define HAVE_SYS_STAT_H 1
| #define HAVE_SYS_TYPES_H 1
| #define HAVE_UNISTD_H 1
| #define STDC_HEADERS 1
| #define HAVE_DLFCN_H 1
| #define LT_OBJDIR ".libs/"
| /* end confdefs.h.  */
| #include <ac_nonexistent.h>
configure:13459: result: g++ -E
configure:13473: g++ -E  conftest.cpp
configure:13473: $? = 0
configure:13488: g++ -E  conftest.cpp
conftest.cpp:23:10: fatal error: 'ac_nonexistent.h' file not found
#include <ac_nonexistent.h>
         ^~~~~~~~~~~~~~~~~~
1 error generated.
configure:13488: $? = 1
configure: failed program was:
| /* confdefs.h */
| #define PACKAGE_NAME "faust-dynamic-engine"
| #define PACKAGE_TARNAME "faust-dynamic-engine"
| #define PACKAGE_VERSION "1.0"
| #define PACKAGE_STRING "faust-dynamic-engine 1.0"
| #define PACKAGE_BUGREPORT "support@example.com"
| #define PACKAGE_URL ""
| #define PACKAGE "faust-dynamic-engine"
| #define VERSION "1.0"
| #define HAVE_STDIO_H 1
| #define HAVE_STDLIB_H 1
| #define HAVE_STRING_H 1
| #define HAVE_INTTYPES_H 1
| #define HAVE_STDINT_H 1
| #define HAVE_STRINGS_H 1
| #define HAVE_SYS_STAT_H 1
| #define HAVE_SYS_TYPES_H 1
| #define HAVE_UNISTD_H 1
| #define STDC_HEADERS 1
| #define HAVE_DLFCN_H 1
| #define LT_OBJDIR ".libs/"
| /* end confdefs.h.  */
| #include <ac_nonexistent.h>
configure:13653: checking for ld used by g++
configure:13721: result: /Applications/Xcode.app/Contents/Developer/Toolchains/XcodeDefault.xctoolchain/usr/bin/ld
configure:13728: checking if the linker (/Applications/Xcode.app/Contents/Developer/Toolchains/XcodeDefault.xctoolchain/usr/bin/ld) is GNU ld
configure:13744: result: no
configure:13799: checking whether the g++ linker (/Applications/Xcode.app/Contents/Developer/Toolchains/XcodeDefault.xctoolchain/usr/bin/ld) supports shared libraries
configure:14877: result: yes
configure:14913: g++ -c -g -O2  conftest.cpp >&5
configure:14916: $? = 0
configure:15397: checking for g++ option to produce PIC
configure:15405: result: -fno-common -DPIC
configure:15413: checking if g++ PIC flag -fno-common -DPIC works
configure:15432: g++ -c -g -O2  -fno-common -DPIC -DPIC conftest.cpp >&5
configure:15436: $? = 0
configure:15449: result: yes
configure:15472: checking if g++ static flag -static works
configure:15501: result: no
configure:15513: checking if g++ supports -c -o file.o
configure:15535: g++ -c -g -O2  -o out/conftest2.o conftest.cpp >&5
configure:15539: $? = 0
configure:15561: result: yes
configure:15566: checking if g++ supports -c -o file.o
configure:15614: result: yes
configure:15644: checking whether the g++ linker (/Applications/Xcode.app/Contents/Developer/Toolchains/XcodeDefault.xctoolchain/usr/bin/ld) supports shared libraries
configure:15684: result: yes
configure:15826: checking dynamic linker characteristics
configure:16574: result: darwin21.3.0 dyld
configure:16639: checking how to hardcode library paths into programs
configure:16664: result: immediate
configure:16727: checking for Pa_Initialize in -lportaudio
configure:16750: gcc -o conftest -g -O2   conftest.c -lportaudio   >&5
ld: library not found for -lportaudio
clang: error: linker command failed with exit code 1 (use -v to see invocation)
configure:16750: $? = 1
configure: failed program was:
| /* confdefs.h */
| #define PACKAGE_NAME "faust-dynamic-engine"
| #define PACKAGE_TARNAME "faust-dynamic-engine"
| #define PACKAGE_VERSION "1.0"
| #define PACKAGE_STRING "faust-dynamic-engine 1.0"
| #define PACKAGE_BUGREPORT "support@example.com"
| #define PACKAGE_URL ""
| #define PACKAGE "faust-dynamic-engine"
| #define VERSION "1.0"
| #define HAVE_STDIO_H 1
| #define HAVE_STDLIB_H 1
| #define HAVE_STRING_H 1
| #define HAVE_INTTYPES_H 1
| #define HAVE_STDINT_H 1
| #define HAVE_STRINGS_H 1
| #define HAVE_SYS_STAT_H 1
| #define HAVE_SYS_TYPES_H 1
| #define HAVE_UNISTD_H 1
| #define STDC_HEADERS 1
| #define HAVE_DLFCN_H 1
| #define LT_OBJDIR ".libs/"
| /* end confdefs.h.  */
| 
| /* Override any GCC internal prototype to avoid an error.
|    Use char because int might match the return type of a GCC
|    builtin and then its argument prototype would still apply.  */
| char Pa_Initialize ();
| int
| main (void)
| {
| return Pa_Initialize ();
|   ;
|   return 0;
| }
configure:16760: result: no
configure:16770: checking for main in -lfaust
configure:16790: gcc -o conftest -g -O2   conftest.c -lfaust   >&5
ld: library not found for -lfaust
clang: error: linker command failed with exit code 1 (use -v to see invocation)
configure:16790: $? = 1
configure: failed program was:
| /* confdefs.h */
| #define PACKAGE_NAME "faust-dynamic-engine"
| #define PACKAGE_TARNAME "faust-dynamic-engine"
| #define PACKAGE_VERSION "1.0"
| #define PACKAGE_STRING "faust-dynamic-engine 1.0"
| #define PACKAGE_BUGREPORT "support@example.com"
| #define PACKAGE_URL ""
| #define PACKAGE "faust-dynamic-engine"
| #define VERSION "1.0"
| #define HAVE_STDIO_H 1
| #define HAVE_STDLIB_H 1
| #define HAVE_STRING_H 1
| #define HAVE_INTTYPES_H 1
| #define HAVE_STDINT_H 1
| #define HAVE_STRINGS_H 1
| #define HAVE_SYS_STAT_H 1
| #define HAVE_SYS_TYPES_H 1
| #define HAVE_UNISTD_H 1
| #define STDC_HEADERS 1
| #define HAVE_DLFCN_H 1
| #define LT_OBJDIR ".libs/"
| /* end confdefs.h.  */
| 
| 
| int
| main (void)
| {
| return main ();
|   ;
|   return 0;
| }
configure:16800: result: no
configure:16812: checking for portaudio.h
configure:16812: gcc -c -g -O2  conftest.c >&5
configure:16812: $? = 0
configure:16812: result: yes
configure:16818: checking for faust/dsp/faust-dynamic-engine.h
configure:16818: gcc -c -g -O2  conftest.c >&5
conftest.c:52:10: fatal error: 'faust/dsp/faust-dynamic-engine.h' file not found
#include <faust/dsp/faust-dynamic-engine.h>
         ^~~~~~~~~~~~~~~~~~~~~~~~~~~~~~~~~~
1 error generated.
configure:16818: $? = 1
configure: failed program was:
| /* confdefs.h */
| #define PACKAGE_NAME "faust-dynamic-engine"
| #define PACKAGE_TARNAME "faust-dynamic-engine"
| #define PACKAGE_VERSION "1.0"
| #define PACKAGE_STRING "faust-dynamic-engine 1.0"
| #define PACKAGE_BUGREPORT "support@example.com"
| #define PACKAGE_URL ""
| #define PACKAGE "faust-dynamic-engine"
| #define VERSION "1.0"
| #define HAVE_STDIO_H 1
| #define HAVE_STDLIB_H 1
| #define HAVE_STRING_H 1
| #define HAVE_INTTYPES_H 1
| #define HAVE_STDINT_H 1
| #define HAVE_STRINGS_H 1
| #define HAVE_SYS_STAT_H 1
| #define HAVE_SYS_TYPES_H 1
| #define HAVE_UNISTD_H 1
| #define STDC_HEADERS 1
| #define HAVE_DLFCN_H 1
| #define LT_OBJDIR ".libs/"
| #define HAVE_PORTAUDIO_H 1
| /* end confdefs.h.  */
| #include <stddef.h>
| #ifdef HAVE_STDIO_H
| # include <stdio.h>
| #endif
| #ifdef HAVE_STDLIB_H
| # include <stdlib.h>
| #endif
| #ifdef HAVE_STRING_H
| # include <string.h>
| #endif
| #ifdef HAVE_INTTYPES_H
| # include <inttypes.h>
| #endif
| #ifdef HAVE_STDINT_H
| # include <stdint.h>
| #endif
| #ifdef HAVE_STRINGS_H
| # include <strings.h>
| #endif
| #ifdef HAVE_SYS_TYPES_H
| # include <sys/types.h>
| #endif
| #ifdef HAVE_SYS_STAT_H
| # include <sys/stat.h>
| #endif
| #ifdef HAVE_UNISTD_H
| # include <unistd.h>
| #endif
| #include <faust/dsp/faust-dynamic-engine.h>
configure:16818: result: no
configure:16974: checking that generated files are newer than configure
configure:16980: result: done
configure:17007: creating ./config.status

## ---------------------- ##
## Running config.status. ##
## ---------------------- ##

This file was extended by faust-dynamic-engine config.status 1.0, which was
generated by GNU Autoconf 2.71.  Invocation command line was

  CONFIG_FILES    = 
  CONFIG_HEADERS  = 
  CONFIG_LINKS    = 
  CONFIG_COMMANDS = 
  $ ./config.status 

on Domenicos-MBP.homenet.telecomitalia.it

config.status:1065: creating Makefile
config.status:1237: executing depfiles commands
config.status:1314: cd .       && sed -e '/# am--include-marker/d' Makefile         | make -f - am--depfiles
config.status:1319: $? = 0
config.status:1237: executing libtool commands

## ---------------- ##
## Cache variables. ##
## ---------------- ##

ac_cv_build=aarch64-apple-darwin21.3.0
ac_cv_c_compiler_gnu=yes
ac_cv_cxx_compiler_gnu=yes
ac_cv_env_CCC_set=
ac_cv_env_CCC_value=
ac_cv_env_CC_set=
ac_cv_env_CC_value=
ac_cv_env_CFLAGS_set=
ac_cv_env_CFLAGS_value=
ac_cv_env_CPPFLAGS_set=
ac_cv_env_CPPFLAGS_value=
ac_cv_env_CXXCPP_set=
ac_cv_env_CXXCPP_value=
ac_cv_env_CXXFLAGS_set=
ac_cv_env_CXXFLAGS_value=
ac_cv_env_CXX_set=
ac_cv_env_CXX_value=
ac_cv_env_LDFLAGS_set=
ac_cv_env_LDFLAGS_value=
ac_cv_env_LIBS_set=
ac_cv_env_LIBS_value=
ac_cv_env_LT_SYS_LIBRARY_PATH_set=
ac_cv_env_LT_SYS_LIBRARY_PATH_value=
ac_cv_env_build_alias_set=
ac_cv_env_build_alias_value=
ac_cv_env_host_alias_set=
ac_cv_env_host_alias_value=
ac_cv_env_target_alias_set=
ac_cv_env_target_alias_value=
ac_cv_header_dlfcn_h=yes
ac_cv_header_faust_dsp_faust_dynamic_engine_h=no
ac_cv_header_inttypes_h=yes
ac_cv_header_portaudio_h=yes
ac_cv_header_stdint_h=yes
ac_cv_header_stdio_h=yes
ac_cv_header_stdlib_h=yes
ac_cv_header_string_h=yes
ac_cv_header_strings_h=yes
ac_cv_header_sys_stat_h=yes
ac_cv_header_sys_types_h=yes
ac_cv_header_unistd_h=yes
ac_cv_host=aarch64-apple-darwin21.3.0
ac_cv_lib_faust_main=no
ac_cv_lib_portaudio_Pa_Initialize=no
ac_cv_objext=o
ac_cv_path_EGREP='/usr/bin/grep -E'
ac_cv_path_FGREP='/usr/bin/grep -F'
ac_cv_path_GREP=/usr/bin/grep
ac_cv_path_SED=/usr/bin/sed
ac_cv_path_install='/usr/bin/install -c'
ac_cv_path_lt_DD=/bin/dd
ac_cv_prog_AWK=awk
ac_cv_prog_CXXCPP='g++ -E'
ac_cv_prog_ac_ct_AR=ar
ac_cv_prog_ac_ct_CC=gcc
ac_cv_prog_ac_ct_CXX=g++
ac_cv_prog_ac_ct_DSYMUTIL=dsymutil
ac_cv_prog_ac_ct_FILECMD=file
ac_cv_prog_ac_ct_LIPO=lipo
ac_cv_prog_ac_ct_NMEDIT=nmedit
ac_cv_prog_ac_ct_OBJDUMP=objdump
ac_cv_prog_ac_ct_OTOOL=otool
ac_cv_prog_ac_ct_RANLIB=ranlib
ac_cv_prog_ac_ct_STRIP=strip
ac_cv_prog_cc_c11=
ac_cv_prog_cc_g=yes
ac_cv_prog_cc_stdc=
ac_cv_prog_cxx_11=no
ac_cv_prog_cxx_g=yes
ac_cv_prog_cxx_stdcxx=
ac_cv_prog_make_make_set=yes
am_cv_CC_dependencies_compiler_type=gcc3
am_cv_CXX_dependencies_compiler_type=gcc3
am_cv_make_support_nested_variables=yes
am_cv_prog_cc_c_o=yes
lt_cv_apple_cc_single_mod=yes
lt_cv_ar_at_file=no
lt_cv_deplibs_check_method=pass_all
lt_cv_file_magic_cmd='$MAGIC_CMD'
lt_cv_file_magic_test_file=
lt_cv_ld_exported_symbols_list=yes
lt_cv_ld_force_load=yes
lt_cv_ld_reload_flag=-r
lt_cv_nm_interface='BSD nm'
lt_cv_objdir=.libs
lt_cv_path_LD=/Applications/Xcode.app/Contents/Developer/Toolchains/XcodeDefault.xctoolchain/usr/bin/ld
lt_cv_path_LDCXX=/Applications/Xcode.app/Contents/Developer/Toolchains/XcodeDefault.xctoolchain/usr/bin/ld
lt_cv_path_NM='/usr/bin/nm -B'
lt_cv_path_mainfest_tool=no
lt_cv_prog_compiler_c_o=yes
lt_cv_prog_compiler_c_o_CXX=yes
lt_cv_prog_compiler_pic='-fno-common -DPIC'
lt_cv_prog_compiler_pic_CXX='-fno-common -DPIC'
lt_cv_prog_compiler_pic_works=yes
lt_cv_prog_compiler_pic_works_CXX=yes
lt_cv_prog_compiler_rtti_exceptions=yes
lt_cv_prog_compiler_static_works=no
lt_cv_prog_compiler_static_works_CXX=no
lt_cv_prog_gnu_ld=no
lt_cv_prog_gnu_ldcxx=no
lt_cv_sharedlib_from_linklib_cmd='printf %s\n'
lt_cv_sys_global_symbol_pipe='/usr/bin/sed -n -e '\''s/^.*[	 ]\([ABCDGIRSTW][ABCDGIRSTW]*\)[	 ][	 ]*_\([_A-Za-z][_A-Za-z0-9]*\)$/\1 _\2 \2/p'\'' | /usr/bin/sed '\''/ __gnu_lto/d'\'''
lt_cv_sys_global_symbol_to_c_name_address='/usr/bin/sed -n -e '\''s/^: \(.*\) .*$/  {"\1", (void *) 0},/p'\'' -e '\''s/^[ABCDGIRSTW][ABCDGIRSTW]* .* \(.*\)$/  {"\1", (void *) \&\1},/p'\'''
lt_cv_sys_global_symbol_to_c_name_address_lib_prefix='/usr/bin/sed -n -e '\''s/^: \(.*\) .*$/  {"\1", (void *) 0},/p'\'' -e '\''s/^[ABCDGIRSTW][ABCDGIRSTW]* .* \(lib.*\)$/  {"\1", (void *) \&\1},/p'\'' -e '\''s/^[ABCDGIRSTW][ABCDGIRSTW]* .* \(.*\)$/  {"lib\1", (void *) \&\1},/p'\'''
lt_cv_sys_global_symbol_to_cdecl='/usr/bin/sed -n -e '\''s/^T .* \(.*\)$/extern int \1();/p'\'' -e '\''s/^[ABCDGIRSTW][ABCDGIRSTW]* .* \(.*\)$/extern char \1;/p'\'''
lt_cv_sys_global_symbol_to_import=
lt_cv_sys_max_cmd_len=786432
lt_cv_to_host_file_cmd=func_convert_file_noop
lt_cv_to_tool_file_cmd=func_convert_file_noop
lt_cv_truncate_bin='/bin/dd bs=4096 count=1'

## ----------------- ##
## Output variables. ##
## ----------------- ##

ACLOCAL='${SHELL} '\''/Users/domenicocipriani/MyStuff/coding/faustToPharoLight/dynEngine-windows/missing'\'' aclocal-1.16'
AMDEPBACKSLASH='\'
AMDEP_FALSE='#'
AMDEP_TRUE=''
AMTAR='$${TAR-tar}'
AM_BACKSLASH='\'
AM_DEFAULT_V='$(AM_DEFAULT_VERBOSITY)'
AM_DEFAULT_VERBOSITY='1'
AM_V='$(V)'
AR='ar'
AUTOCONF='${SHELL} '\''/Users/domenicocipriani/MyStuff/coding/faustToPharoLight/dynEngine-windows/missing'\'' autoconf'
AUTOHEADER='${SHELL} '\''/Users/domenicocipriani/MyStuff/coding/faustToPharoLight/dynEngine-windows/missing'\'' autoheader'
AUTOMAKE='${SHELL} '\''/Users/domenicocipriani/MyStuff/coding/faustToPharoLight/dynEngine-windows/missing'\'' automake-1.16'
AWK='awk'
CC='gcc'
CCDEPMODE='depmode=gcc3'
CFLAGS='-g -O2'
CPPFLAGS=''
CSCOPE='cscope'
CTAGS='ctags'
CXX='g++'
CXXCPP='g++ -E'
CXXDEPMODE='depmode=gcc3'
CXXFLAGS='-g -O2'
CYGPATH_W='echo'
DEFS='-DPACKAGE_NAME=\"faust-dynamic-engine\" -DPACKAGE_TARNAME=\"faust-dynamic-engine\" -DPACKAGE_VERSION=\"1.0\" -DPACKAGE_STRING=\"faust-dynamic-engine\ 1.0\" -DPACKAGE_BUGREPORT=\"support@example.com\" -DPACKAGE_URL=\"\" -DPACKAGE=\"faust-dynamic-engine\" -DVERSION=\"1.0\" -DHAVE_STDIO_H=1 -DHAVE_STDLIB_H=1 -DHAVE_STRING_H=1 -DHAVE_INTTYPES_H=1 -DHAVE_STDINT_H=1 -DHAVE_STRINGS_H=1 -DHAVE_SYS_STAT_H=1 -DHAVE_SYS_TYPES_H=1 -DHAVE_UNISTD_H=1 -DSTDC_HEADERS=1 -DHAVE_DLFCN_H=1 -DLT_OBJDIR=\".libs/\" -DHAVE_PORTAUDIO_H=1'
DEPDIR='.deps'
DLLTOOL='false'
DSYMUTIL='dsymutil'
DUMPBIN=''
ECHO_C='\c'
ECHO_N=''
ECHO_T=''
EGREP='/usr/bin/grep -E'
ETAGS='etags'
EXEEXT=''
FGREP='/usr/bin/grep -F'
FILECMD='file'
GREP='/usr/bin/grep'
INSTALL_DATA='${INSTALL} -m 644'
INSTALL_PROGRAM='${INSTALL}'
INSTALL_SCRIPT='${INSTALL}'
INSTALL_STRIP_PROGRAM='$(install_sh) -c -s'
LD='/Applications/Xcode.app/Contents/Developer/Toolchains/XcodeDefault.xctoolchain/usr/bin/ld'
LDFLAGS=''
LIBOBJS=''
LIBS=''
LIBTOOL='$(SHELL) $(top_builddir)/libtool'
LIPO='lipo'
LN_S='ln -s'
LTLIBOBJS=''
LT_SYS_LIBRARY_PATH=''
MAKEINFO='${SHELL} '\''/Users/domenicocipriani/MyStuff/coding/faustToPharoLight/dynEngine-windows/missing'\'' makeinfo'
MANIFEST_TOOL=':'
MKDIR_P='./install-sh -c -d'
NM='/usr/bin/nm -B'
NMEDIT='nmedit'
OBJDUMP='objdump'
OBJEXT='o'
OTOOL64=':'
OTOOL='otool'
PACKAGE='faust-dynamic-engine'
PACKAGE_BUGREPORT='support@example.com'
PACKAGE_NAME='faust-dynamic-engine'
PACKAGE_STRING='faust-dynamic-engine 1.0'
PACKAGE_TARNAME='faust-dynamic-engine'
PACKAGE_URL=''
PACKAGE_VERSION='1.0'
PATH_SEPARATOR=':'
RANLIB='ranlib'
SED='/usr/bin/sed'
SET_MAKE=''
SHELL='/bin/sh'
STRIP='strip'
VERSION='1.0'
ac_ct_AR='ar'
ac_ct_CC='gcc'
ac_ct_CXX='g++'
ac_ct_DUMPBIN=''
am__EXEEXT_FALSE=''
am__EXEEXT_TRUE='#'
am__fastdepCC_FALSE='#'
am__fastdepCC_TRUE=''
am__fastdepCXX_FALSE='#'
am__fastdepCXX_TRUE=''
am__include='include'
am__isrc=''
am__leading_dot='.'
am__nodep='_no'
am__quote=''
am__tar='$${TAR-tar} chof - "$$tardir"'
am__untar='$${TAR-tar} xf -'
bindir='${exec_prefix}/bin'
build='aarch64-apple-darwin21.3.0'
build_alias=''
build_cpu='aarch64'
build_os='darwin21.3.0'
build_vendor='apple'
datadir='${datarootdir}'
datarootdir='${prefix}/share'
docdir='${datarootdir}/doc/${PACKAGE_TARNAME}'
dvidir='${docdir}'
exec_prefix='${prefix}'
host='aarch64-apple-darwin21.3.0'
host_alias=''
host_cpu='aarch64'
host_os='darwin21.3.0'
host_vendor='apple'
htmldir='${docdir}'
includedir='${prefix}/include'
infodir='${datarootdir}/info'
install_sh='${SHELL} /Users/domenicocipriani/MyStuff/coding/faustToPharoLight/dynEngine-windows/install-sh'
libdir='${exec_prefix}/lib'
libexecdir='${exec_prefix}/libexec'
localedir='${datarootdir}/locale'
localstatedir='${prefix}/var'
mandir='${datarootdir}/man'
mkdir_p='$(MKDIR_P)'
oldincludedir='/usr/include'
pdfdir='${docdir}'
prefix='/usr/local'
program_transform_name='s,x,x,'
psdir='${docdir}'
runstatedir='${localstatedir}/run'
sbindir='${exec_prefix}/sbin'
sharedstatedir='${prefix}/com'
sysconfdir='${prefix}/etc'
target_alias=''

## ----------- ##
## confdefs.h. ##
## ----------- ##

/* confdefs.h */
#define PACKAGE_NAME "faust-dynamic-engine"
#define PACKAGE_TARNAME "faust-dynamic-engine"
#define PACKAGE_VERSION "1.0"
#define PACKAGE_STRING "faust-dynamic-engine 1.0"
#define PACKAGE_BUGREPORT "support@example.com"
#define PACKAGE_URL ""
#define PACKAGE "faust-dynamic-engine"
#define VERSION "1.0"
#define HAVE_STDIO_H 1
#define HAVE_STDLIB_H 1
#define HAVE_STRING_H 1
#define HAVE_INTTYPES_H 1
#define HAVE_STDINT_H 1
#define HAVE_STRINGS_H 1
#define HAVE_SYS_STAT_H 1
#define HAVE_SYS_TYPES_H 1
#define HAVE_UNISTD_H 1
#define STDC_HEADERS 1
#define HAVE_DLFCN_H 1
#define LT_OBJDIR ".libs/"
#define HAVE_PORTAUDIO_H 1

configure: exit 0
